<?xml version="1.0" encoding="UTF-8"?>
<!-- Generated by org.testng.reporters.JUnitReportReporter -->
<testsuite hostname="DESKTOP-PEVVTSQ" name="com.sudeeksha.testcases.RegistrationTestCase" tests="1" failures="0" timestamp="17 Mar 2021 04:38:47 GMT" time="94.337" errors="0">
  <testcase name="RegistrationTest" time="94.337" classname="com.sudeeksha.testcases.RegistrationTestCase"/>
</testsuite> <!-- com.sudeeksha.testcases.RegistrationTestCase -->
